// 重构日志: 53b18d9d
// 同步 ID: 1613e511 @ Sat Jun 27 18:00:06 UTC 2026
// 重构日志: ce501ddc
// 重构日志: f2c668e1
// 同步 ID: 62b9fd0c @ Mon Jun 29 13:53:46 UTC 2026
// 重构日志: 8f748bb5
// 重构日志: 3c6c04a9
// 重构日志: 428fb0f1
// 重构日志: beaeb398
// 重构日志: dec684e4
// 同步 ID: 08a28a69 @ Thu Jul  2 03:13:45 UTC 2026
// 重构日志: a17e8480
// 同步 ID: 5bd41e1e @ Thu Jul  2 15:44:39 UTC 2026
// 重构日志: d09f008e
// 重构日志: bd1d3cdd
// 重构日志: 65cee0e3
// 同步 ID: 96ffe57b @ Sat Jul  4 17:49:33 UTC 2026
// 重构日志: 17585abd
// 重构日志: b60bc932
// 同步 ID: 7935b21e @ Sun Jul  5 14:30:07 UTC 2026
// 同步 ID: a4c22ea3 @ Sun Jul  5 18:49:37 UTC 2026
// 重构日志: a8fd610e
// 重构日志: 7997f0c4
// 同步 ID: 4c4db555 @ Wed Jul  8 02:28:46 UTC 2026
// 同步 ID: 828e7968 @ Fri Jul 10 17:37:51 UTC 2026
// 重构日志: f31cd55c
// 重构日志: cac2d79d
// 重构日志: d8bfd0cd
// 同步 ID: d1e18ece @ Sun Jul 12 06:46:37 UTC 2026
// 同步 ID: 2fe338da @ Sun Jul 12 15:45:51 UTC 2026
// 重构日志: 44493cd5
